2024-07-16 18:57:35 info: Congratulations, your extension "Embold" is now active!
2024-07-16 18:57:35 info: tempDirectory : /Users/nilesh/.vscode/extensions/embold-vscode.embold-0.1.8/temp
2024-07-16 18:57:35 info: Extraction complete for source: /Users/nilesh/.vscode/extensions/embold-vscode.embold-0.1.8/resources/embold-scanner-archive.zip, destination: /Users/nilesh/.vscode/extensions/embold-vscode.embold-0.1.8/temp
2024-07-16 18:57:35 info: Extension installed on machine OS : darwin
2024-07-16 18:57:35 info: Fetched the issues from DB
2024-07-16 18:57:35 info: Java version installed on machine : 
java version "18.0.2.1" 2022-08-18
Java(TM) SE Runtime Environment (build 18.0.2.1+1-1)
Java HotSpot(TM) 64-Bit Server VM (build 18.0.2.1+1-1, mixed mode, sharing)

2024-07-16 18:57:35 info: Java installed on machine.
2024-07-16 18:57:36 info: Embold extension version response:{"hasSupport":false,"version":"0.1.6","changeNotes":"<div> <p>Release Date: 09 Oct, 2023 <br><span>Bug fixes and improvements.</span></p> </div>"}
2024-07-16 18:57:36 info: Current installed embold extension version : 0.1.8
2024-07-16 18:57:36 info: Latest embold extension version on marketplace : 0.1.6
2024-07-16 19:00:48 info: Row(s) deleted
2024-07-16 19:00:48 info: Row(s) deleted
2024-07-16 19:00:48 info: Row(s) deleted
2024-07-16 19:00:48 info: Row(s) deleted
2024-07-16 19:00:48 info: Row(s) deleted
2024-07-25 01:14:11 info: Congratulations, your extension "Embold" is now active!
2024-07-25 01:14:11 info: tempDirectory : /Users/nilesh/.vscode/extensions/embold-vscode.embold-0.1.8/temp
2024-07-25 01:14:11 info: Extraction complete for source: /Users/nilesh/.vscode/extensions/embold-vscode.embold-0.1.8/resources/embold-scanner-archive.zip, destination: /Users/nilesh/.vscode/extensions/embold-vscode.embold-0.1.8/temp
2024-07-25 01:14:11 info: Extension installed on machine OS : darwin
2024-07-25 01:14:11 info: Fetched the issues from DB
2024-07-25 01:14:12 info: Java version installed on machine : 
java version "18.0.2.1" 2022-08-18
Java(TM) SE Runtime Environment (build 18.0.2.1+1-1)
Java HotSpot(TM) 64-Bit Server VM (build 18.0.2.1+1-1, mixed mode, sharing)

2024-07-25 01:14:12 info: Java installed on machine.
2024-07-25 01:14:12 info: Embold extension version response:{"hasSupport":false,"version":"0.1.6","changeNotes":"<div> <p>Release Date: 09 Oct, 2023 <br><span>Bug fixes and improvements.</span></p> </div>"}
2024-07-25 01:14:12 info: Current installed embold extension version : 0.1.8
2024-07-25 01:14:12 info: Latest embold extension version on marketplace : 0.1.6
2024-07-25 01:15:46 info: Row(s) deleted
2024-07-25 12:32:58 info: Row(s) deleted
2024-07-25 12:32:58 info: Row(s) deleted
2024-07-25 12:32:58 info: Row(s) deleted
2024-07-25 12:32:58 info: Row(s) deleted
2024-07-25 12:33:21 info: Row(s) deleted
2024-07-25 12:33:26 info: Row(s) deleted
2024-07-25 12:33:26 info: Row(s) deleted
2024-07-25 12:33:43 info: Row(s) deleted
